<?xml version="1.0" encoding="UTF-8"?>
<!-- Generated by org.testng.reporters.JUnitReportReporter -->
<testsuite skipped="0" hostname="asplap384" name="basepackage.Testcase003" tests="1" failures="0" timestamp="2019-10-09T13:06:45 IST" time="9.079" errors="0">
  <testcase name="myacc" time="9.079" classname="basepackage.Testcase003"/>
</testsuite> <!-- basepackage.Testcase003 -->
