<?xml version="1.0" encoding="UTF-8"?>
<!-- Generated by org.testng.reporters.JUnitReportReporter -->
<testsuite skipped="0" hostname="asplap384" name="basepackage.Testcase002" tests="1" failures="0" timestamp="2019-10-09T12:42:50 IST" time="11.801" errors="0">
  <testcase name="getprivacy" time="11.801" classname="basepackage.Testcase002"/>
</testsuite> <!-- basepackage.Testcase002 -->
