<?xml version="1.0" encoding="UTF-8"?>
<!-- Generated by org.testng.reporters.JUnitReportReporter -->
<testsuite skipped="0" hostname="asplap384" name="basepackage.Testcase001" tests="1" failures="0" timestamp="2019-10-09T13:06:02 IST" time="12.725" errors="0">
  <testcase name="gettitle" time="12.725" classname="basepackage.Testcase001"/>
</testsuite> <!-- basepackage.Testcase001 -->
