<?xml version="1.0" encoding="UTF-8"?>
<!-- Generated by org.testng.reporters.JUnitReportReporter -->
<testsuite skipped="0" hostname="asplap384" name="trialpackage.Redbusdate" tests="1" failures="0" timestamp="2019-10-01T15:55:14 IST" time="9.328" errors="0">
  <testcase name="method1" time="9.328" classname="trialpackage.Redbusdate"/>
</testsuite> <!-- trialpackage.Redbusdate -->
