<?xml version="1.0" encoding="UTF-8"?>
<!-- Generated by org.testng.reporters.JUnitReportReporter -->
<testsuite skipped="0" hostname="asplap384" name="trialpackage.Trialclass" tests="1" failures="0" timestamp="2019-10-11T12:32:05 IST" time="13.279" errors="0">
  <testcase name="method1" time="13.279" classname="trialpackage.Trialclass"/>
</testsuite> <!-- trialpackage.Trialclass -->
