<?xml version="1.0" encoding="UTF-8"?>
<!-- Generated by org.testng.reporters.JUnitReportReporter -->
<testsuite skipped="0" hostname="asplap384" name="testcases.Testcase001" tests="1" failures="0" timestamp="2019-10-09T15:58:25 IST" time="13.255" errors="0">
  <testcase name="gettitle" time="13.255" classname="testcases.Testcase001"/>
</testsuite> <!-- testcases.Testcase001 -->
